c:\users\craig\desktop\dx11tut06\engine\engine\debug\cameraclass.obj
c:\users\craig\desktop\dx11tut06\engine\engine\debug\d3dclass.obj
c:\users\craig\desktop\dx11tut06\engine\engine\debug\graphicsclass.obj
c:\users\craig\desktop\dx11tut06\engine\engine\debug\inputclass.obj
c:\users\craig\desktop\dx11tut06\engine\engine\debug\lightclass.obj
c:\users\craig\desktop\dx11tut06\engine\engine\debug\lightshaderclass.obj
c:\users\craig\desktop\dx11tut06\engine\engine\debug\main.obj
c:\users\craig\desktop\dx11tut06\engine\engine\debug\modelclass.obj
c:\users\craig\desktop\dx11tut06\engine\engine\debug\systemclass.obj
c:\users\craig\desktop\dx11tut06\engine\engine\debug\textureclass.obj
c:\users\craig\desktop\dx11tut06\engine\engine\debug\vc100.pdb
c:\users\craig\desktop\dx11tut06\engine\debug\engine.ilk
c:\users\craig\desktop\dx11tut06\engine\debug\engine.exe
c:\users\craig\desktop\dx11tut06\engine\engine\debug\engine.exe.intermediate.manifest
c:\users\craig\desktop\dx11tut06\engine\debug\engine.pdb
c:\users\craig\desktop\dx11tut06\engine\engine\debug\engine.exe.embed.manifest
c:\users\craig\desktop\dx11tut06\engine\engine\debug\engine.exe.embed.manifest.res
d:\trunk\23_1\23_1\sha\ex)file\dx11tut06\engine\engine\debug\cameraclass.obj
d:\trunk\23_1\23_1\sha\ex)file\dx11tut06\engine\engine\debug\d3dclass.obj
d:\trunk\23_1\23_1\sha\ex)file\dx11tut06\engine\engine\debug\graphicsclass.obj
d:\trunk\23_1\23_1\sha\ex)file\dx11tut06\engine\engine\debug\inputclass.obj
d:\trunk\23_1\23_1\sha\ex)file\dx11tut06\engine\engine\debug\lightclass.obj
d:\trunk\23_1\23_1\sha\ex)file\dx11tut06\engine\engine\debug\lightshaderclass.obj
d:\trunk\23_1\23_1\sha\ex)file\dx11tut06\engine\engine\debug\main.obj
d:\trunk\23_1\23_1\sha\ex)file\dx11tut06\engine\engine\debug\modelclass.obj
d:\trunk\23_1\23_1\sha\ex)file\dx11tut06\engine\engine\debug\systemclass.obj
d:\trunk\23_1\23_1\sha\ex)file\dx11tut06\engine\engine\debug\textureclass.obj
d:\trunk\23_1\23_1\sha\ex)file\dx11tut06\engine\engine\debug\cl.command.1.tlog
d:\trunk\23_1\23_1\sha\ex)file\dx11tut06\engine\engine\debug\cl.read.1.tlog
d:\trunk\23_1\23_1\sha\ex)file\dx11tut06\engine\engine\debug\cl.write.1.tlog
d:\trunk\23_1\23_1\sha\ex)file\dx11tut06\engine\engine\debug\link-cvtres.read.1.tlog
d:\trunk\23_1\23_1\sha\ex)file\dx11tut06\engine\engine\debug\link-cvtres.write.1.tlog
d:\trunk\23_1\23_1\sha\ex)file\dx11tut06\engine\engine\debug\link.4308-cvtres.read.1.tlog
d:\trunk\23_1\23_1\sha\ex)file\dx11tut06\engine\engine\debug\link.4308-cvtres.write.1.tlog
d:\trunk\23_1\23_1\sha\ex)file\dx11tut06\engine\engine\debug\link.4308.read.1.tlog
d:\trunk\23_1\23_1\sha\ex)file\dx11tut06\engine\engine\debug\link.4308.write.1.tlog
d:\trunk\23_1\23_1\sha\ex)file\dx11tut06\engine\engine\debug\link.command.1.tlog
d:\trunk\23_1\23_1\sha\ex)file\dx11tut06\engine\engine\debug\link.read.1.tlog
d:\trunk\23_1\23_1\sha\ex)file\dx11tut06\engine\engine\debug\link.write.1.tlog
d:\trunk\23_1\23_1\sha\ex)file\dx11tut06\engine\engine\debug\mt.command.1.tlog
d:\trunk\23_1\23_1\sha\ex)file\dx11tut06\engine\engine\debug\mt.read.1.tlog
d:\trunk\23_1\23_1\sha\ex)file\dx11tut06\engine\engine\debug\mt.write.1.tlog
d:\trunk\23_1\23_1\sha\ex)file\dx11tut06\engine\engine\debug\rc.command.1.tlog
d:\trunk\23_1\23_1\sha\ex)file\dx11tut06\engine\engine\debug\rc.read.1.tlog
d:\trunk\23_1\23_1\sha\ex)file\dx11tut06\engine\engine\debug\rc.write.1.tlog
d:\trunk\23_1\23_1\sha\ex)file\dx11tut06\engine\engine\debug\engine.exe.embed.manifest
d:\trunk\23_1\23_1\sha\ex)file\dx11tut06\engine\engine\debug\engine.exe.intermediate.manifest
d:\trunk\23_1\23_1\sha\ex)file\dx11tut06\engine\engine\debug\engine.exe.embed.manifest.res
d:\trunk\23_1\23_1\sha\ex)file\dx11tut06\engine\engine\debug\vc100.idb
d:\trunk\23_1\23_1\sha\ex)file\dx11tut06\engine\engine\debug\vc100.pdb
d:\trunk\23_1\23_1\sha\ex)file\dx11tut06\engine\engine\debug\engine_manifest.rc
d:\trunk\23_1\23_1\sha\ex)file\dx11tut06\engine\debug\engine.exe
d:\trunk\23_1\23_1\sha\ex)file\dx11tut06\engine\debug\engine.ilk
