Using pre-set license
Built from '2021.3/staging' branch; Version is '2021.3.21f1 (1b156197d683) revision 1774945'; Using compiler version '192829333'; Build Type 'Release'
OS: 'Windows 10  (10.0.19044) 64bit Professional' Language: 'ko' Physical Memory: 8145 MB
BatchMode: 1, IsHumanControllingUs: 0, StartBugReporterOnCrash: 0, Is64bit: 1, IsPro: 1

COMMAND LINE ARGUMENTS:
D:\2021.3.21f1\Editor\Unity.exe
-adb2
-batchMode
-noUpm
-name
AssetImportWorker0
-projectPath
D:/trunk/23_1/mob/unity_mob/3D Mobile
-logFile
Logs/AssetImportWorker0.log
-srvPort
58804
Successfully changed project path to: D:/trunk/23_1/mob/unity_mob/3D Mobile
D:/trunk/23_1/mob/unity_mob/3D Mobile
[UnityMemory] Configuration Parameters - Can be set up in boot.config
    "memorysetup-bucket-allocator-granularity=16"
    "memorysetup-bucket-allocator-bucket-count=8"
    "memorysetup-bucket-allocator-block-size=33554432"
    "memorysetup-bucket-allocator-block-count=8"
    "memorysetup-main-allocator-block-size=16777216"
    "memorysetup-thread-allocator-block-size=16777216"
    "memorysetup-gfx-main-allocator-block-size=16777216"
    "memorysetup-gfx-thread-allocator-block-size=16777216"
    "memorysetup-cache-allocator-block-size=4194304"
    "memorysetup-typetree-allocator-block-size=2097152"
    "memorysetup-profiler-bucket-allocator-granularity=16"
    "memorysetup-profiler-bucket-allocator-bucket-count=8"
    "memorysetup-profiler-bucket-allocator-block-size=33554432"
    "memorysetup-profiler-bucket-allocator-block-count=8"
    "memorysetup-profiler-allocator-block-size=16777216"
    "memorysetup-profiler-editor-allocator-block-size=1048576"
    "memorysetup-temp-allocator-size-main=16777216"
    "memorysetup-job-temp-allocator-block-size=2097152"
    "memorysetup-job-temp-allocator-block-size-background=1048576"
    "memorysetup-job-temp-allocator-reduction-small-platforms=262144"
    "memorysetup-temp-allocator-size-background-worker=32768"
    "memorysetup-temp-allocator-size-job-worker=262144"
    "memorysetup-temp-allocator-size-preload-manager=33554432"
    "memorysetup-temp-allocator-size-nav-mesh-worker=65536"
    "memorysetup-temp-allocator-size-audio-worker=65536"
    "memorysetup-temp-allocator-size-cloud-worker=32768"
    "memorysetup-temp-allocator-size-gi-baking-worker=262144"
    "memorysetup-temp-allocator-size-gfx=262144"
Player connection [15252] Host "[IP] 210.119.88.162 [Port] 0 [Flags] 2 [Guid] 3876961566 [EditorId] 3876961566 [Version] 1048832 [Id] WindowsEditor(7,DESKTOP-LPJ69S3) [Debug] 1 [PackageName] WindowsEditor [ProjectName] Editor" joined multi-casting on [225.0.0.222:54997]...

Player connection [15252] Host "[IP] 210.119.88.162 [Port] 0 [Flags] 2 [Guid] 3876961566 [EditorId] 3876961566 [Version] 1048832 [Id] WindowsEditor(7,DESKTOP-LPJ69S3) [Debug] 1 [PackageName] WindowsEditor [ProjectName] Editor" joined alternative multi-casting on [225.0.0.222:34997]...

Refreshing native plugins compatible for Editor in 86.12 ms, found 3 plugins.
Preloading 0 native plugins for Editor in 0.00 ms.
Initialize engine version: 2021.3.21f1 (1b156197d683)
[Subsystems] Discovering subsystems at path D:/2021.3.21f1/Editor/Data/Resources/UnitySubsystems
[Subsystems] Discovering subsystems at path D:/trunk/23_1/mob/unity_mob/3D Mobile/Assets
GfxDevice: creating device client; threaded=0; jobified=0
Direct3D:
    Version:  Direct3D 11.0 [level 11.0]
    Renderer: NVIDIA GeForce GT 710 (ID=0x1289)
    Vendor:   NVIDIA
    VRAM:     984 MB
    Driver:   27.21.14.5671
Initialize mono
Mono path[0] = 'D:/2021.3.21f1/Editor/Data/Managed'
Mono path[1] = 'D:/2021.3.21f1/Editor/Data/MonoBleedingEdge/lib/mono/unityjit-win32'
Mono config path = 'D:/2021.3.21f1/Editor/Data/MonoBleedingEdge/etc'
Using monoOptions --debugger-agent=transport=dt_socket,embedding=1,server=y,suspend=n,address=127.0.0.1:56268
Begin MonoManager ReloadAssembly
Registering precompiled unity dll's ...
Register platform support module: D:/2021.3.21f1/Editor/Data/PlaybackEngines/AndroidPlayer/UnityEditor.Android.Extensions.dll
Register platform support module: D:/2021.3.21f1/Editor/Data/PlaybackEngines/WindowsStandaloneSupport/UnityEditor.WindowsStandalone.Extensions.dll
Registered in 0.004333 seconds.
Native extension for WindowsStandalone target not found
Native extension for Android target not found
Android Extension - Scanning For ADB Devices 4643 ms
Refreshing native plugins compatible for Editor in 100.28 ms, found 3 plugins.
Preloading 0 native plugins for Editor in 0.00 ms.
Mono: successfully reloaded assembly
- Completed reload, in  5.391 seconds
Domain Reload Profiling:
	ReloadAssembly (5391ms)
		BeginReloadAssembly (100ms)
			ExecutionOrderSort (0ms)
			DisableScriptedObjects (0ms)
			BackupInstance (0ms)
			ReleaseScriptingObjects (0ms)
			CreateAndSetChildDomain (1ms)
		EndReloadAssembly (5187ms)
			LoadAssemblies (100ms)
			RebuildTransferFunctionScriptingTraits (0ms)
			SetupTypeCache (120ms)
			ReleaseScriptCaches (0ms)
			RebuildScriptCaches (32ms)
			SetupLoadedEditorAssemblies (4983ms)
				LogAssemblyErrors (0ms)
				InitializePlatformSupportModulesInManaged (4706ms)
				SetLoadedEditorAssemblies (0ms)
				RefreshPlugins (100ms)
				BeforeProcessingInitializeOnLoad (1ms)
				ProcessInitializeOnLoadAttributes (123ms)
				ProcessInitializeOnLoadMethodAttributes (52ms)
				AfterProcessingInitializeOnLoad (0ms)
				EditorAssembliesLoaded (0ms)
			ExecutionOrderSort2 (0ms)
			AwakeInstancesAfterBackupRestoration (0ms)
Platform modules already initialized, skipping
Registering precompiled user dll's ...
Registered in 0.003874 seconds.
Begin MonoManager ReloadAssembly
Symbol file LoadedFromMemory doesn't match image D:\trunk\23_1\mob\unity_mob\3D Mobile\Library\PackageCache\com.unity.visualscripting@1.8.0\Editor\VisualScripting.Core\Dependencies\YamlDotNet\Unity.VisualScripting.YamlDotNet.dll
Symbol file LoadedFromMemory doesn't match image D:\trunk\23_1\mob\unity_mob\3D Mobile\Library\PackageCache\com.unity.visualscripting@1.8.0\Editor\VisualScripting.Core\Dependencies\DotNetZip\Unity.VisualScripting.IonicZip.dll
Native extension for WindowsStandalone target not found
Native extension for Android target not found
Refreshing native plugins compatible for Editor in 0.90 ms, found 3 plugins.
Preloading 0 native plugins for Editor in 0.00 ms.
Mono: successfully reloaded assembly
Package Manager log level set to [2]
- Completed reload, in  1.172 seconds
Domain Reload Profiling:
	ReloadAssembly (1173ms)
		BeginReloadAssembly (168ms)
			ExecutionOrderSort (0ms)
			DisableScriptedObjects (9ms)
			BackupInstance (0ms)
			ReleaseScriptingObjects (0ms)
			CreateAndSetChildDomain (25ms)
		EndReloadAssembly (860ms)
			LoadAssemblies (121ms)
			RebuildTransferFunctionScriptingTraits (0ms)
			SetupTypeCache (263ms)
			ReleaseScriptCaches (1ms)
			RebuildScriptCaches (56ms)
			SetupLoadedEditorAssemblies (396ms)
				LogAssemblyErrors (0ms)
				InitializePlatformSupportModulesInManaged (24ms)
				SetLoadedEditorAssemblies (1ms)
				RefreshPlugins (1ms)
				BeforeProcessingInitializeOnLoad (85ms)
				ProcessInitializeOnLoadAttributes (256ms)
				ProcessInitializeOnLoadMethodAttributes (27ms)
				AfterProcessingInitializeOnLoad (3ms)
				EditorAssembliesLoaded (0ms)
			ExecutionOrderSort2 (0ms)
			AwakeInstancesAfterBackupRestoration (9ms)
Platform modules already initialized, skipping
========================================================================
Worker process is ready to serve import requests
Launched and connected shader compiler UnityShaderCompiler.exe after 0.07 seconds
Refreshing native plugins compatible for Editor in 0.65 ms, found 3 plugins.
Preloading 0 native plugins for Editor in 0.00 ms.
Unloading 3163 Unused Serialized files (Serialized files now loaded: 0)
Unloading 37 unused Assets / (87.6 KB). Loaded Objects now: 3611.
Memory consumption went from 114.4 MB to 114.3 MB.
Total: 2.813000 ms (FindLiveObjects: 0.245700 ms CreateObjectMapping: 0.188300 ms MarkObjects: 2.276000 ms  DeleteObjects: 0.102300 ms)

AssetImportParameters requested are different than current active one (requested -> active):
  custom:video-decoder-ogg-theora: a1e56fd34408186e4bbccfd4996cb3dc -> 
  custom:container-muxer-webm: aa71ff27fc2769a1b78a27578f13a17b -> 
  custom:container-demuxer-webm: 4f35f7cbe854078d1ac9338744f61a02 -> 
  custom:video-encoder-webm-vp8: eb34c28f22e8b96e1ab97ce403110664 -> 
  custom:audio-encoder-webm-vorbis: bf7c407c2cedff20999df2af8eb42d56 -> 
  custom:framework-win-MediaFoundation: 216162199b28c13a410421893ffa2e32 -> 
  custom:container-demuxer-ogg: 62fdf1f143b41e24485cea50d1cbac27 -> 
  custom:video-decoder-webm-vp8: 9c59270c3fd7afecdb556c50c9e8de78 -> 
  custom:audio-decoder-ogg-vorbis: bf7c407c2cedff20999df2af8eb42d56 -> 
========================================================================
Received Import Request.
  Time since last request: 165.120793 seconds.
  path: Assets/Readme.asset
  artifactKey: Guid(7f2c382dc2c22446db59030979f6e495) Importer(815301076,1909f56bfc062723c751e8b465ee728b)
Start importing Assets/Readme.asset using Guid(7f2c382dc2c22446db59030979f6e495) Importer(815301076,1909f56bfc062723c751e8b465ee728b)  -> (artifact id: '9990f39c3de691f85cda2915bc54e9c4') in 0.033939 seconds 
========================================================================
Received Import Request.
  Time since last request: 1270.615672 seconds.
  path: Assets/New Terrain.asset
  artifactKey: Guid(23f1cf2083acc23479295b6472933193) Importer(815301076,1909f56bfc062723c751e8b465ee728b)
Start importing Assets/New Terrain.asset using Guid(23f1cf2083acc23479295b6472933193) Importer(815301076,1909f56bfc062723c751e8b465ee728b)  -> (artifact id: 'be557a7f4289472e8ada88d0b27fe5aa') in 0.087728 seconds 
========================================================================
Received Import Request.
  Time since last request: 414.397731 seconds.
  path: Packages/com.unity.mobile.notifications/package.json
  artifactKey: Guid(9037b93af819441399710ccc3639dd18) Importer(815301076,1909f56bfc062723c751e8b465ee728b)
Start importing Packages/com.unity.mobile.notifications/package.json using Guid(9037b93af819441399710ccc3639dd18) Importer(815301076,1909f56bfc062723c751e8b465ee728b)  -> (artifact id: '533640223e3d2e351a80e3f195907fd9') in 0.278672 seconds 
========================================================================
Received Import Request.
  Time since last request: 1.171830 seconds.
  path: Packages/com.unity.mobile.notifications/Editor
  artifactKey: Guid(5c31c05b473c946669349ca2b826e4f0) Importer(815301076,1909f56bfc062723c751e8b465ee728b)
Start importing Packages/com.unity.mobile.notifications/Editor using Guid(5c31c05b473c946669349ca2b826e4f0) Importer(815301076,1909f56bfc062723c751e8b465ee728b)  -> (artifact id: '422d8bf35841eda0d5ae639d10b68ce8') in 0.001913 seconds 
========================================================================
Received Import Request.
  Time since last request: 1.368485 seconds.
  path: Packages/com.unity.mobile.notifications/Editor/Unity.Mobile.Notifications.Editor.asmdef
  artifactKey: Guid(85a7f7b2e1fe24ff2b4c8b5d1a746334) Importer(815301076,1909f56bfc062723c751e8b465ee728b)
Start importing Packages/com.unity.mobile.notifications/Editor/Unity.Mobile.Notifications.Editor.asmdef using Guid(85a7f7b2e1fe24ff2b4c8b5d1a746334) Importer(815301076,1909f56bfc062723c751e8b465ee728b)  -> (artifact id: '741c1486a285fb2460f6b74762518c6b') in 0.004469 seconds 
========================================================================
Received Import Request.
  Time since last request: 246.127170 seconds.
  path: Assets/Scenes
  artifactKey: Guid(30340b97d11d06a45ab35a95bc963c9a) Importer(815301076,1909f56bfc062723c751e8b465ee728b)
Start importing Assets/Scenes using Guid(30340b97d11d06a45ab35a95bc963c9a) Importer(815301076,1909f56bfc062723c751e8b465ee728b)  -> (artifact id: '2cebdab469fdb3923507f91ab35d2166') in 0.002759 seconds 
========================================================================
Received Import Request.
  Time since last request: 1300.848702 seconds.
  path: Packages/com.unity.timeline/package.json
  artifactKey: Guid(13a9c1b4df2e489e8eb9cacca7429596) Importer(815301076,1909f56bfc062723c751e8b465ee728b)
Start importing Packages/com.unity.timeline/package.json using Guid(13a9c1b4df2e489e8eb9cacca7429596) Importer(815301076,1909f56bfc062723c751e8b465ee728b)  -> (artifact id: 'cb8bfccb78abbe7dce246704718d398b') in 0.010273 seconds 
========================================================================
Received Import Request.
  Time since last request: 0.405159 seconds.
  path: Packages/com.unity.profiling.core/package.json
  artifactKey: Guid(2c9e05a58e554a940ae0417d8ce7384a) Importer(815301076,1909f56bfc062723c751e8b465ee728b)
Start importing Packages/com.unity.profiling.core/package.json using Guid(2c9e05a58e554a940ae0417d8ce7384a) Importer(815301076,1909f56bfc062723c751e8b465ee728b)  -> (artifact id: 'f89ef6311f3a9168e91428e3311054e0') in 0.015205 seconds 
========================================================================
Received Import Request.
  Time since last request: 14.552883 seconds.
  path: Assets/UnityTechnologies/SpaceRobotKyle
  artifactKey: Guid(8777548f9acd343cfb8d44266b2666e1) Importer(815301076,1909f56bfc062723c751e8b465ee728b)
Start importing Assets/UnityTechnologies/SpaceRobotKyle using Guid(8777548f9acd343cfb8d44266b2666e1) Importer(815301076,1909f56bfc062723c751e8b465ee728b)  -> (artifact id: 'c710aa15b068b50bc7bc2ac13e3b141c') in 0.001653 seconds 
========================================================================
Received Import Request.
  Time since last request: 9.683326 seconds.
  path: Assets/UnityTechnologies/SpaceRobotKyle/Models
  artifactKey: Guid(78578abe586444a18a7f50cc65313a41) Importer(815301076,1909f56bfc062723c751e8b465ee728b)
Start importing Assets/UnityTechnologies/SpaceRobotKyle/Models using Guid(78578abe586444a18a7f50cc65313a41) Importer(815301076,1909f56bfc062723c751e8b465ee728b)  -> (artifact id: '1ca747d48843c2e09d459611139aab41') in 0.001752 seconds 
========================================================================
Received Import Request.
  Time since last request: 0.050312 seconds.
  path: Assets/UnityTechnologies/SpaceRobotKyle/Models/Robot Kyle.fbx
  artifactKey: Guid(320b1c2af77554f99a1658df4a6d3d5c) Importer(815301076,1909f56bfc062723c751e8b465ee728b)
Start importing Assets/UnityTechnologies/SpaceRobotKyle/Models/Robot Kyle.fbx using Guid(320b1c2af77554f99a1658df4a6d3d5c) Importer(815301076,1909f56bfc062723c751e8b465ee728b)  -> (artifact id: '0b42eb9cdc7b2f874982b2161bddc36a') in 0.668324 seconds 
========================================================================
Received Import Request.
  Time since last request: 26.423845 seconds.
  path: Assets/UnityTechnologies/SpaceRobotKyle/Materials/Robot_Color.mat
  artifactKey: Guid(0aa851515cd3747d6b3b3e461199a2ed) Importer(815301076,1909f56bfc062723c751e8b465ee728b)
Start importing Assets/UnityTechnologies/SpaceRobotKyle/Materials/Robot_Color.mat using Guid(0aa851515cd3747d6b3b3e461199a2ed) Importer(815301076,1909f56bfc062723c751e8b465ee728b)  -> (artifact id: 'e0aba8d16b873bba0dfce3b145b7858f') in 0.073219 seconds 
========================================================================
Received Import Request.
  Time since last request: 1.929748 seconds.
  path: Assets/UnityTechnologies/SpaceRobotKyle/Prefabs/Robot Kyle.prefab
  artifactKey: Guid(d079cd0e6137a44b58864c3a91ad119a) Importer(815301076,1909f56bfc062723c751e8b465ee728b)
Start importing Assets/UnityTechnologies/SpaceRobotKyle/Prefabs/Robot Kyle.prefab using Guid(d079cd0e6137a44b58864c3a91ad119a) Importer(815301076,1909f56bfc062723c751e8b465ee728b)  -> (artifact id: '921b0fe644e2fcfdec38b0bfa0edd87a') in 0.013968 seconds 
========================================================================
Received Import Request.
  Time since last request: 0.404721 seconds.
  path: Assets/UnityTechnologies/SpaceRobotKyle/Textures/Robot_Color.tga
  artifactKey: Guid(0a0e8af2869fa45f78e25460db578482) Importer(815301076,1909f56bfc062723c751e8b465ee728b)
Start importing Assets/UnityTechnologies/SpaceRobotKyle/Textures/Robot_Color.tga using Guid(0a0e8af2869fa45f78e25460db578482) Importer(815301076,1909f56bfc062723c751e8b465ee728b)  -> (artifact id: '3bda36e0659106047863a832424a60b6') in 0.029497 seconds 
========================================================================
Received Import Request.
  Time since last request: 168.885276 seconds.
  path: Assets/Scenes/SampleScene.unity
  artifactKey: Guid(c850ee8c3b14cc8459e7e186857cf567) Importer(815301076,1909f56bfc062723c751e8b465ee728b)
Start importing Assets/Scenes/SampleScene.unity using Guid(c850ee8c3b14cc8459e7e186857cf567) Importer(815301076,1909f56bfc062723c751e8b465ee728b)  -> (artifact id: '6826691c9758eb8bb0c3b9b55726e476') in 0.001832 seconds 
========================================================================
Received Import Request.
  Time since last request: 43.538707 seconds.
  path: Assets/TutorialInfo/Layout.wlt
  artifactKey: Guid(96e98bffd05413f489cd9851fc862d1f) Importer(815301076,1909f56bfc062723c751e8b465ee728b)
Start importing Assets/TutorialInfo/Layout.wlt using Guid(96e98bffd05413f489cd9851fc862d1f) Importer(815301076,1909f56bfc062723c751e8b465ee728b)  -> (artifact id: 'db1af0596352b78eefb67f2269614a12') in 0.004774 seconds 
========================================================================
Received Import Request.
  Time since last request: 0.000017 seconds.
  path: Assets/TutorialInfo/Scripts/Editor/ReadmeEditor.cs
  artifactKey: Guid(476cc7d7cd9874016adc216baab94a0a) Importer(815301076,1909f56bfc062723c751e8b465ee728b)
Start importing Assets/TutorialInfo/Scripts/Editor/ReadmeEditor.cs using Guid(476cc7d7cd9874016adc216baab94a0a) Importer(815301076,1909f56bfc062723c751e8b465ee728b)  -> (artifact id: '8a219de8762d32bc4258b2c1048f5c1b') in 0.116607 seconds 
========================================================================
Received Import Request.
  Time since last request: 0.000625 seconds.
  path: Assets/TutorialInfo/Scripts/Editor
  artifactKey: Guid(3ad9b87dffba344c89909c6d1b1c17e1) Importer(815301076,1909f56bfc062723c751e8b465ee728b)
Start importing Assets/TutorialInfo/Scripts/Editor using Guid(3ad9b87dffba344c89909c6d1b1c17e1) Importer(815301076,1909f56bfc062723c751e8b465ee728b)  -> (artifact id: '5fd757725371249e191449f57f634ec2') in 0.001042 seconds 
========================================================================
Received Import Request.
  Time since last request: 0.000012 seconds.
  path: Assets/UnityTechnologies/SpaceRobotKyle/Prefabs
  artifactKey: Guid(3fc811f72cf43436cb96f71c70a26f4d) Importer(815301076,1909f56bfc062723c751e8b465ee728b)
Start importing Assets/UnityTechnologies/SpaceRobotKyle/Prefabs using Guid(3fc811f72cf43436cb96f71c70a26f4d) Importer(815301076,1909f56bfc062723c751e8b465ee728b)  -> (artifact id: 'eef5e97a370c1e762b94dc67f5ddb294') in 0.001004 seconds 
========================================================================
Received Import Request.
  Time since last request: 0.001812 seconds.
  path: Assets/TutorialInfo/Scripts/Readme.cs
  artifactKey: Guid(fcf7219bab7fe46a1ad266029b2fee19) Importer(815301076,1909f56bfc062723c751e8b465ee728b)
Start importing Assets/TutorialInfo/Scripts/Readme.cs using Guid(fcf7219bab7fe46a1ad266029b2fee19) Importer(815301076,1909f56bfc062723c751e8b465ee728b)  -> (artifact id: 'a2b868457d98ba89203b747cf9886c0f') in 0.001369 seconds 
========================================================================
Received Import Request.
  Time since last request: 0.000015 seconds.
  path: Assets/Scenes/ex_scene.unity
  artifactKey: Guid(595080182ff01da4b838852707c2cdff) Importer(815301076,1909f56bfc062723c751e8b465ee728b)
Start importing Assets/Scenes/ex_scene.unity using Guid(595080182ff01da4b838852707c2cdff) Importer(815301076,1909f56bfc062723c751e8b465ee728b)  -> (artifact id: 'efa0d29836f763b813d16de4b6dc213f') in 0.001009 seconds 
========================================================================
Received Import Request.
  Time since last request: 0.000017 seconds.
  path: Assets/TutorialInfo
  artifactKey: Guid(034b93559619c664583bc87483b771f6) Importer(815301076,1909f56bfc062723c751e8b465ee728b)
Start importing Assets/TutorialInfo using Guid(034b93559619c664583bc87483b771f6) Importer(815301076,1909f56bfc062723c751e8b465ee728b)  -> (artifact id: '8a33b34334832c89077dddf9de40ddb6') in 0.001067 seconds 
========================================================================
Received Import Request.
  Time since last request: 0.003378 seconds.
  path: Assets/TutorialInfo/Icons/Help_Icon.png
  artifactKey: Guid(9266273b8f123004195741f969177dda) Importer(815301076,1909f56bfc062723c751e8b465ee728b)
Start importing Assets/TutorialInfo/Icons/Help_Icon.png using Guid(9266273b8f123004195741f969177dda) Importer(815301076,1909f56bfc062723c751e8b465ee728b)  -> (artifact id: '11a5aa3aae436e3b2f2539d7dcaeb569') in 0.019743 seconds 
========================================================================
Received Import Request.
  Time since last request: 0.000349 seconds.
  path: Assets/UnityTechnologies/SpaceRobotKyle/Materials/Robot_Color 2.mat
  artifactKey: Guid(d8b9654a747a24f4aa0d7b8aef7ba145) Importer(815301076,1909f56bfc062723c751e8b465ee728b)
Start importing Assets/UnityTechnologies/SpaceRobotKyle/Materials/Robot_Color 2.mat using Guid(d8b9654a747a24f4aa0d7b8aef7ba145) Importer(815301076,1909f56bfc062723c751e8b465ee728b)  -> (artifact id: 'a862bea915761d517e1e09ba3ad468c9') in 0.012193 seconds 
========================================================================
Received Import Request.
  Time since last request: 0.000374 seconds.
  path: Assets/Scenes/SampleScene.unity
  artifactKey: Guid(c850ee8c3b14cc8459e7e186857cf567) Importer(815301076,1909f56bfc062723c751e8b465ee728b)
Start importing Assets/Scenes/SampleScene.unity using Guid(c850ee8c3b14cc8459e7e186857cf567) Importer(815301076,1909f56bfc062723c751e8b465ee728b)  -> (artifact id: '0b6551d2781cab35611342fcb1aaee38') in 0.000966 seconds 
========================================================================
Received Import Request.
  Time since last request: 0.006975 seconds.
  path: Assets/UnityTechnologies/SpaceRobotKyle/Materials/Robot_Color 1.mat
  artifactKey: Guid(d4fc83bca2a1a10429716e01d3c3f4c8) Importer(815301076,1909f56bfc062723c751e8b465ee728b)
Start importing Assets/UnityTechnologies/SpaceRobotKyle/Materials/Robot_Color 1.mat using Guid(d4fc83bca2a1a10429716e01d3c3f4c8) Importer(815301076,1909f56bfc062723c751e8b465ee728b)  -> (artifact id: '19f2fde8bd5449f9447d77a0f73ad89d') in 0.008429 seconds 
========================================================================
Received Import Request.
  Time since last request: 0.008937 seconds.
  path: Assets/Editor/com.unity.mobile.notifications
  artifactKey: Guid(6d8e2e3178665be488e481c57be9527e) Importer(815301076,1909f56bfc062723c751e8b465ee728b)
Start importing Assets/Editor/com.unity.mobile.notifications using Guid(6d8e2e3178665be488e481c57be9527e) Importer(815301076,1909f56bfc062723c751e8b465ee728b)  -> (artifact id: '9b0aa3f0dae1ed05b22019f887a6b45b') in 0.001053 seconds 
========================================================================
Received Import Request.
  Time since last request: 0.001370 seconds.
  path: Assets/TutorialInfo/Icons
  artifactKey: Guid(8a0c9218a650547d98138cd835033977) Importer(815301076,1909f56bfc062723c751e8b465ee728b)
Start importing Assets/TutorialInfo/Icons using Guid(8a0c9218a650547d98138cd835033977) Importer(815301076,1909f56bfc062723c751e8b465ee728b)  -> (artifact id: '97246fe29dc966453781dc86007a4ba4') in 0.001086 seconds 
========================================================================
Received Import Request.
  Time since last request: 0.000017 seconds.
  path: Assets/Editor
  artifactKey: Guid(9a2df797eb7ea8e44843144af9429b99) Importer(815301076,1909f56bfc062723c751e8b465ee728b)
Start importing Assets/Editor using Guid(9a2df797eb7ea8e44843144af9429b99) Importer(815301076,1909f56bfc062723c751e8b465ee728b)  -> (artifact id: '42ef7938f5a0303a7559a20308b19fb7') in 0.000907 seconds 
========================================================================
Received Import Request.
  Time since last request: 0.001707 seconds.
  path: Assets/TutorialInfo/Icons/Mobile 3D.png
  artifactKey: Guid(cbea0258d69fdef4ba73fa582f0e2004) Importer(815301076,1909f56bfc062723c751e8b465ee728b)
Start importing Assets/TutorialInfo/Icons/Mobile 3D.png using Guid(cbea0258d69fdef4ba73fa582f0e2004) Importer(815301076,1909f56bfc062723c751e8b465ee728b)  -> (artifact id: '49f892cb885b74bb95140b987853567d') in 0.064441 seconds 
========================================================================
Received Import Request.
  Time since last request: 0.002429 seconds.
  path: Assets/Editor/com.unity.mobile.notifications/NotificationSettings.asset
  artifactKey: Guid(45a04f37e0f48c744acc0874c4a8918a) Importer(815301076,1909f56bfc062723c751e8b465ee728b)
Start importing Assets/Editor/com.unity.mobile.notifications/NotificationSettings.asset using Guid(45a04f37e0f48c744acc0874c4a8918a) Importer(815301076,1909f56bfc062723c751e8b465ee728b)  -> (artifact id: 'd697a503cfdd15986ea30430b0eb6409') in 0.011364 seconds 
========================================================================
Received Import Request.
  Time since last request: 0.000016 seconds.
  path: Assets/UnityTechnologies
  artifactKey: Guid(f5d9ba6950ae3464d9ea945d527a7257) Importer(815301076,1909f56bfc062723c751e8b465ee728b)
Start importing Assets/UnityTechnologies using Guid(f5d9ba6950ae3464d9ea945d527a7257) Importer(815301076,1909f56bfc062723c751e8b465ee728b)  -> (artifact id: '3e9ee7aa6a5c74f2759554a8b5b03a61') in 0.001238 seconds 
========================================================================
Received Import Request.
  Time since last request: 0.000517 seconds.
  path: Assets/UnityTechnologies/SpaceRobotKyle/Materials
  artifactKey: Guid(39973b395d67e46bcb3ac2889cec975d) Importer(815301076,1909f56bfc062723c751e8b465ee728b)
Start importing Assets/UnityTechnologies/SpaceRobotKyle/Materials using Guid(39973b395d67e46bcb3ac2889cec975d) Importer(815301076,1909f56bfc062723c751e8b465ee728b)  -> (artifact id: '8207c8c8bdc85663f87a4f8e692cc722') in 0.001097 seconds 
========================================================================
Received Import Request.
  Time since last request: 0.000017 seconds.
  path: Assets/TutorialInfo/Scripts
  artifactKey: Guid(5a9bcd70e6a4b4b05badaa72e827d8e0) Importer(815301076,1909f56bfc062723c751e8b465ee728b)
Start importing Assets/TutorialInfo/Scripts using Guid(5a9bcd70e6a4b4b05badaa72e827d8e0) Importer(815301076,1909f56bfc062723c751e8b465ee728b)  -> (artifact id: 'bd40405b1c33fc38c3cf389a51b62526') in 0.001155 seconds 
========================================================================
Received Import Request.
  Time since last request: 0.000013 seconds.
  path: Assets/UnityTechnologies/SpaceRobotKyle/Textures
  artifactKey: Guid(5fbdd9980f1ec4d6094276098e518a31) Importer(815301076,1909f56bfc062723c751e8b465ee728b)
Start importing Assets/UnityTechnologies/SpaceRobotKyle/Textures using Guid(5fbdd9980f1ec4d6094276098e518a31) Importer(815301076,1909f56bfc062723c751e8b465ee728b)  -> (artifact id: 'a9207e052277d6d46521e9de3f84c277') in 0.001145 seconds 
